2023-04-19 22:41:38.621 INFO  com.frank.wiki.App                                :50   [32m                  [0;39m Starting App on 今 with PID 20236 (D:\project_all\feisi_keshe\wiki\target\classes started by 123 in D:\project_all\feisi_keshe\wiki)
2023-04-19 22:41:38.625 INFO  com.frank.wiki.App                                :675  [32m                  [0;39m No active profile set, falling back to default profiles: default
2023-04-19 22:41:39.506 INFO  o.s.boot.web.embedded.tomcat.TomcatWebServer      :90   [32m                  [0;39m Tomcat initialized with port(s): 8880 (http)
2023-04-19 22:41:39.521 INFO  org.apache.coyote.http11.Http11NioProtocol        :173  [32m                  [0;39m Initializing ProtocolHandler ["http-nio-8880"]
2023-04-19 22:41:39.532 INFO  org.apache.catalina.core.StandardService          :173  [32m                  [0;39m Starting service [Tomcat]
2023-04-19 22:41:39.532 INFO  org.apache.catalina.core.StandardEngine           :173  [32m                  [0;39m Starting Servlet engine: [Apache Tomcat/9.0.17]
2023-04-19 22:41:39.654 INFO  o.a.c.core.ContainerBase.[Tomcat].[localhost].[/] :173  [32m                  [0;39m Initializing Spring embedded WebApplicationContext
2023-04-19 22:41:39.654 INFO  org.springframework.web.context.ContextLoader     :296  [32m                  [0;39m Root WebApplicationContext: initialization completed in 990 ms
2023-04-19 22:41:39.853 INFO  o.s.scheduling.concurrent.ThreadPoolTaskExecutor  :171  [32m                  [0;39m Initializing ExecutorService 'applicationTaskExecutor'
2023-04-19 22:41:39.982 INFO  org.apache.coyote.http11.Http11NioProtocol        :173  [32m                  [0;39m Starting ProtocolHandler ["http-nio-8880"]
2023-04-19 22:41:40.006 INFO  o.s.boot.web.embedded.tomcat.TomcatWebServer      :204  [32m                  [0;39m Tomcat started on port(s): 8880 (http) with context path ''
2023-04-19 22:41:40.011 INFO  com.frank.wiki.App                                :59   [32m                  [0;39m Started App in 1.83 seconds (JVM running for 3.146)
2023-04-19 22:41:40.012 INFO  com.frank.wiki.App                                :20   [32m                  [0;39m 启动成功！！
2023-04-19 22:41:40.013 INFO  com.frank.wiki.App                                :21   [32m                  [0;39m 地址: 	http://127.0.0.1:8880
2023-04-19 22:41:44.536 INFO  o.a.c.core.ContainerBase.[Tomcat].[localhost].[/] :173  [32m                  [0;39m Initializing Spring DispatcherServlet 'dispatcherServlet'
2023-04-19 22:41:44.539 INFO  org.springframework.web.servlet.DispatcherServlet :524  [32m                  [0;39m Initializing Servlet 'dispatcherServlet'
2023-04-19 22:41:44.547 INFO  org.springframework.web.servlet.DispatcherServlet :546  [32m                  [0;39m Completed initialization in 8 ms
2023-04-19 22:43:33.524 INFO  o.s.scheduling.concurrent.ThreadPoolTaskExecutor  :208  [32m                  [0;39m Shutting down ExecutorService 'applicationTaskExecutor'
2023-04-19 22:59:25.241 INFO  com.frank.wiki.App                                :50   [32m                  [0;39m Starting App on 今 with PID 19636 (D:\project_all\feisi_keshe\wiki\target\classes started by 123 in D:\project_all\feisi_keshe\wiki)
2023-04-19 22:59:25.245 INFO  com.frank.wiki.App                                :675  [32m                  [0;39m No active profile set, falling back to default profiles: default
2023-04-19 22:59:25.287 INFO  o.s.b.d.env.DevToolsPropertyDefaultsPostProcessor :227  [32m                  [0;39m Devtools property defaults active! Set 'spring.devtools.add-properties' to 'false' to disable
2023-04-19 22:59:25.289 INFO  o.s.b.d.env.DevToolsPropertyDefaultsPostProcessor :227  [32m                  [0;39m For additional web related logging consider setting the 'logging.level.web' property to 'DEBUG'
2023-04-19 22:59:26.503 INFO  o.s.boot.web.embedded.tomcat.TomcatWebServer      :90   [32m                  [0;39m Tomcat initialized with port(s): 8880 (http)
2023-04-19 22:59:26.522 INFO  org.apache.coyote.http11.Http11NioProtocol        :173  [32m                  [0;39m Initializing ProtocolHandler ["http-nio-8880"]
2023-04-19 22:59:26.534 INFO  org.apache.catalina.core.StandardService          :173  [32m                  [0;39m Starting service [Tomcat]
2023-04-19 22:59:26.535 INFO  org.apache.catalina.core.StandardEngine           :173  [32m                  [0;39m Starting Servlet engine: [Apache Tomcat/9.0.17]
2023-04-19 22:59:26.673 INFO  o.a.c.core.ContainerBase.[Tomcat].[localhost].[/] :173  [32m                  [0;39m Initializing Spring embedded WebApplicationContext
2023-04-19 22:59:26.673 INFO  org.springframework.web.context.ContextLoader     :296  [32m                  [0;39m Root WebApplicationContext: initialization completed in 1384 ms
2023-04-19 22:59:26.883 INFO  o.s.scheduling.concurrent.ThreadPoolTaskExecutor  :171  [32m                  [0;39m Initializing ExecutorService 'applicationTaskExecutor'
2023-04-19 22:59:27.029 INFO  o.s.b.d.autoconfigure.OptionalLiveReloadServer    :57   [32m                  [0;39m LiveReload server is running on port 35729
2023-04-19 22:59:27.052 INFO  org.apache.coyote.http11.Http11NioProtocol        :173  [32m                  [0;39m Starting ProtocolHandler ["http-nio-8880"]
2023-04-19 22:59:27.078 INFO  o.s.boot.web.embedded.tomcat.TomcatWebServer      :204  [32m                  [0;39m Tomcat started on port(s): 8880 (http) with context path ''
2023-04-19 22:59:27.083 INFO  com.frank.wiki.App                                :59   [32m                  [0;39m Started App in 2.325 seconds (JVM running for 3.853)
2023-04-19 22:59:27.086 INFO  com.frank.wiki.App                                :20   [32m                  [0;39m 启动成功！！
2023-04-19 22:59:27.087 INFO  com.frank.wiki.App                                :21   [32m                  [0;39m 地址: 	http://127.0.0.1:8880
2023-04-19 22:59:36.623 INFO  o.s.scheduling.concurrent.ThreadPoolTaskExecutor  :208  [32m                  [0;39m Shutting down ExecutorService 'applicationTaskExecutor'
2023-04-19 22:59:37.354 INFO  com.frank.wiki.App                                :50   [32m                  [0;39m Starting App on 今 with PID 19636 (D:\project_all\feisi_keshe\wiki\target\classes started by 123 in D:\project_all\feisi_keshe\wiki)
2023-04-19 22:59:37.355 INFO  com.frank.wiki.App                                :675  [32m                  [0;39m No active profile set, falling back to default profiles: default
2023-04-19 22:59:37.671 INFO  o.s.boot.web.embedded.tomcat.TomcatWebServer      :90   [32m                  [0;39m Tomcat initialized with port(s): 8880 (http)
2023-04-19 22:59:37.672 INFO  org.apache.coyote.http11.Http11NioProtocol        :173  [32m                  [0;39m Initializing ProtocolHandler ["http-nio-8880"]
2023-04-19 22:59:37.673 INFO  org.apache.catalina.core.StandardService          :173  [32m                  [0;39m Starting service [Tomcat]
2023-04-19 22:59:37.673 INFO  org.apache.catalina.core.StandardEngine           :173  [32m                  [0;39m Starting Servlet engine: [Apache Tomcat/9.0.17]
2023-04-19 22:59:37.730 INFO  o.a.c.core.ContainerBase.[Tomcat].[localhost].[/] :173  [32m                  [0;39m Initializing Spring embedded WebApplicationContext
2023-04-19 22:59:37.730 INFO  org.springframework.web.context.ContextLoader     :296  [32m                  [0;39m Root WebApplicationContext: initialization completed in 372 ms
2023-04-19 22:59:37.778 INFO  o.s.scheduling.concurrent.ThreadPoolTaskExecutor  :171  [32m                  [0;39m Initializing ExecutorService 'applicationTaskExecutor'
2023-04-19 22:59:37.820 INFO  o.s.b.d.autoconfigure.OptionalLiveReloadServer    :57   [32m                  [0;39m LiveReload server is running on port 35729
2023-04-19 22:59:37.831 INFO  org.apache.coyote.http11.Http11NioProtocol        :173  [32m                  [0;39m Starting ProtocolHandler ["http-nio-8880"]
2023-04-19 22:59:37.837 INFO  o.s.boot.web.embedded.tomcat.TomcatWebServer      :204  [32m                  [0;39m Tomcat started on port(s): 8880 (http) with context path ''
2023-04-19 22:59:37.838 INFO  com.frank.wiki.App                                :59   [32m                  [0;39m Started App in 0.543 seconds (JVM running for 14.607)
2023-04-19 22:59:37.840 INFO  o.s.b.d.a.ConditionEvaluationDeltaLoggingListener :70   [32m                  [0;39m Condition evaluation unchanged
2023-04-19 22:59:37.841 INFO  com.frank.wiki.App                                :20   [32m                  [0;39m 启动成功！
2023-04-19 22:59:37.841 INFO  com.frank.wiki.App                                :21   [32m                  [0;39m 地址: 	http://127.0.0.1:8880
2023-04-19 23:03:10.171 INFO  o.s.scheduling.concurrent.ThreadPoolTaskExecutor  :208  [32m                  [0;39m Shutting down ExecutorService 'applicationTaskExecutor'
