2023-04-22 15:19:16.887 INFO  com.frank.wiki.App                                :50   [32m                  [0;39m Starting App on 今 with PID 2696 (D:\project_all\feisi_keshe\wiki\target\classes started by 123 in D:\project_all\feisi_keshe\wiki)
2023-04-22 15:19:16.893 INFO  com.frank.wiki.App                                :675  [32m                  [0;39m No active profile set, falling back to default profiles: default
2023-04-22 15:19:16.937 INFO  o.s.b.d.env.DevToolsPropertyDefaultsPostProcessor :227  [32m                  [0;39m Devtools property defaults active! Set 'spring.devtools.add-properties' to 'false' to disable
2023-04-22 15:19:16.938 INFO  o.s.b.d.env.DevToolsPropertyDefaultsPostProcessor :227  [32m                  [0;39m For additional web related logging consider setting the 'logging.level.web' property to 'DEBUG'
2023-04-22 15:19:18.164 WARN  org.mybatis.spring.mapper.ClassPathMapperScanner  :44   [32m                  [0;39m No MyBatis mapper was found in '[com.frank.wiki]' package. Please check your configuration.
2023-04-22 15:19:18.799 INFO  o.s.boot.web.embedded.tomcat.TomcatWebServer      :90   [32m                  [0;39m Tomcat initialized with port(s): 8880 (http)
2023-04-22 15:19:18.831 INFO  org.apache.coyote.http11.Http11NioProtocol        :173  [32m                  [0;39m Initializing ProtocolHandler ["http-nio-8880"]
2023-04-22 15:19:18.843 INFO  org.apache.catalina.core.StandardService          :173  [32m                  [0;39m Starting service [Tomcat]
2023-04-22 15:19:18.844 INFO  org.apache.catalina.core.StandardEngine           :173  [32m                  [0;39m Starting Servlet engine: [Apache Tomcat/9.0.17]
2023-04-22 15:19:19.004 INFO  o.a.c.core.ContainerBase.[Tomcat].[localhost].[/] :173  [32m                  [0;39m Initializing Spring embedded WebApplicationContext
2023-04-22 15:19:19.004 INFO  org.springframework.web.context.ContextLoader     :296  [32m                  [0;39m Root WebApplicationContext: initialization completed in 2066 ms
2023-04-22 15:19:19.070 WARN  o.s.b.w.s.c.AnnotationConfigServletWebServerApplicationContext:557  [32m                  [0;39m Exception encountered during context initialization - cancelling refresh attempt: org.springframework.beans.factory.BeanCreationException: Error creating bean with name 'ebookController': Injection of resource dependencies failed; nested exception is org.springframework.beans.factory.BeanCreationException: Error creating bean with name 'ebookService': Injection of resource dependencies failed; nested exception is org.springframework.beans.factory.NoSuchBeanDefinitionException: No qualifying bean of type 'com.frank.wiki.mapper.EbookMapper' available: expected at least 1 bean which qualifies as autowire candidate. Dependency annotations: {@javax.annotation.Resource(shareable=true, lookup="", name="", description="", authenticationType=CONTAINER, type=java.lang.Object.class, mappedName="")}
2023-04-22 15:19:19.073 INFO  org.apache.catalina.core.StandardService          :173  [32m                  [0;39m Stopping service [Tomcat]
2023-04-22 15:19:19.091 INFO  o.s.b.a.l.ConditionEvaluationReportLoggingListener:142  [32m                  [0;39m 

Error starting ApplicationContext. To display the conditions report re-run your application with 'debug' enabled.
2023-04-22 15:19:19.356 ERROR o.s.b.diagnostics.LoggingFailureAnalysisReporter  :42   [32m                  [0;39m 

***************************
APPLICATION FAILED TO START
***************************

Description:

A component required a bean of type 'com.frank.wiki.mapper.EbookMapper' that could not be found.


Action:

Consider defining a bean of type 'com.frank.wiki.mapper.EbookMapper' in your configuration.

2023-04-22 15:19:51.663 INFO  com.frank.wiki.App                                :50   [32m                  [0;39m Starting App on 今 with PID 15808 (D:\project_all\feisi_keshe\wiki\target\classes started by 123 in D:\project_all\feisi_keshe\wiki)
2023-04-22 15:19:51.668 INFO  com.frank.wiki.App                                :675  [32m                  [0;39m No active profile set, falling back to default profiles: default
2023-04-22 15:19:51.724 INFO  o.s.b.d.env.DevToolsPropertyDefaultsPostProcessor :227  [32m                  [0;39m Devtools property defaults active! Set 'spring.devtools.add-properties' to 'false' to disable
2023-04-22 15:19:51.724 INFO  o.s.b.d.env.DevToolsPropertyDefaultsPostProcessor :227  [32m                  [0;39m For additional web related logging consider setting the 'logging.level.web' property to 'DEBUG'
2023-04-22 15:19:53.318 INFO  o.s.boot.web.embedded.tomcat.TomcatWebServer      :90   [32m                  [0;39m Tomcat initialized with port(s): 8880 (http)
2023-04-22 15:19:53.338 INFO  org.apache.coyote.http11.Http11NioProtocol        :173  [32m                  [0;39m Initializing ProtocolHandler ["http-nio-8880"]
2023-04-22 15:19:53.350 INFO  org.apache.catalina.core.StandardService          :173  [32m                  [0;39m Starting service [Tomcat]
2023-04-22 15:19:53.351 INFO  org.apache.catalina.core.StandardEngine           :173  [32m                  [0;39m Starting Servlet engine: [Apache Tomcat/9.0.17]
2023-04-22 15:19:53.510 INFO  o.a.c.core.ContainerBase.[Tomcat].[localhost].[/] :173  [32m                  [0;39m Initializing Spring embedded WebApplicationContext
2023-04-22 15:19:53.511 INFO  org.springframework.web.context.ContextLoader     :296  [32m                  [0;39m Root WebApplicationContext: initialization completed in 1787 ms
2023-04-22 15:19:54.173 INFO  o.s.scheduling.concurrent.ThreadPoolTaskExecutor  :171  [32m                  [0;39m Initializing ExecutorService 'applicationTaskExecutor'
2023-04-22 15:19:54.432 INFO  o.s.b.d.autoconfigure.OptionalLiveReloadServer    :57   [32m                  [0;39m LiveReload server is running on port 35729
2023-04-22 15:19:54.459 INFO  org.apache.coyote.http11.Http11NioProtocol        :173  [32m                  [0;39m Starting ProtocolHandler ["http-nio-8880"]
2023-04-22 15:19:54.484 INFO  o.s.boot.web.embedded.tomcat.TomcatWebServer      :204  [32m                  [0;39m Tomcat started on port(s): 8880 (http) with context path ''
2023-04-22 15:19:54.490 INFO  com.frank.wiki.App                                :59   [32m                  [0;39m Started App in 3.305 seconds (JVM running for 4.915)
2023-04-22 15:19:54.492 INFO  com.frank.wiki.App                                :20   [32m                  [0;39m 启动成功！
2023-04-22 15:19:54.493 INFO  com.frank.wiki.App                                :21   [32m                  [0;39m 地址: 	http://127.0.0.1:8880
2023-04-22 15:20:05.930 INFO  o.a.c.core.ContainerBase.[Tomcat].[localhost].[/] :173  [32m                  [0;39m Initializing Spring DispatcherServlet 'dispatcherServlet'
2023-04-22 15:20:05.932 INFO  org.springframework.web.servlet.DispatcherServlet :524  [32m                  [0;39m Initializing Servlet 'dispatcherServlet'
2023-04-22 15:20:05.942 INFO  org.springframework.web.servlet.DispatcherServlet :546  [32m                  [0;39m Completed initialization in 10 ms
2023-04-22 15:20:06.008 INFO  com.zaxxer.hikari.HikariDataSource                :110  [32m                  [0;39m HikariPool-1 - Starting...
2023-04-22 15:20:06.509 INFO  com.zaxxer.hikari.HikariDataSource                :123  [32m                  [0;39m HikariPool-1 - Start completed.
2023-04-22 15:20:31.603 INFO  o.s.scheduling.concurrent.ThreadPoolTaskExecutor  :208  [32m                  [0;39m Shutting down ExecutorService 'applicationTaskExecutor'
2023-04-22 15:20:31.604 INFO  com.zaxxer.hikari.HikariDataSource                :350  [32m                  [0;39m HikariPool-1 - Shutdown initiated...
2023-04-22 15:20:31.624 INFO  com.zaxxer.hikari.HikariDataSource                :352  [32m                  [0;39m HikariPool-1 - Shutdown completed.
2023-04-22 15:29:58.332 INFO  com.frank.wiki.App                                :50   [32m                  [0;39m Starting App on 今 with PID 16860 (D:\project_all\feisi_keshe\wiki\target\classes started by 123 in D:\project_all\feisi_keshe\wiki)
2023-04-22 15:29:58.335 INFO  com.frank.wiki.App                                :675  [32m                  [0;39m No active profile set, falling back to default profiles: default
2023-04-22 15:29:58.382 INFO  o.s.b.d.env.DevToolsPropertyDefaultsPostProcessor :227  [32m                  [0;39m Devtools property defaults active! Set 'spring.devtools.add-properties' to 'false' to disable
2023-04-22 15:29:58.382 INFO  o.s.b.d.env.DevToolsPropertyDefaultsPostProcessor :227  [32m                  [0;39m For additional web related logging consider setting the 'logging.level.web' property to 'DEBUG'
2023-04-22 15:30:00.092 INFO  o.s.boot.web.embedded.tomcat.TomcatWebServer      :90   [32m                  [0;39m Tomcat initialized with port(s): 8880 (http)
2023-04-22 15:30:00.123 INFO  org.apache.coyote.http11.Http11NioProtocol        :173  [32m                  [0;39m Initializing ProtocolHandler ["http-nio-8880"]
2023-04-22 15:30:00.134 INFO  org.apache.catalina.core.StandardService          :173  [32m                  [0;39m Starting service [Tomcat]
2023-04-22 15:30:00.134 INFO  org.apache.catalina.core.StandardEngine           :173  [32m                  [0;39m Starting Servlet engine: [Apache Tomcat/9.0.17]
2023-04-22 15:30:00.304 INFO  o.a.c.core.ContainerBase.[Tomcat].[localhost].[/] :173  [32m                  [0;39m Initializing Spring embedded WebApplicationContext
2023-04-22 15:30:00.304 INFO  org.springframework.web.context.ContextLoader     :296  [32m                  [0;39m Root WebApplicationContext: initialization completed in 1921 ms
2023-04-22 15:30:00.912 INFO  o.s.scheduling.concurrent.ThreadPoolTaskExecutor  :171  [32m                  [0;39m Initializing ExecutorService 'applicationTaskExecutor'
2023-04-22 15:30:01.156 INFO  o.s.b.d.autoconfigure.OptionalLiveReloadServer    :57   [32m                  [0;39m LiveReload server is running on port 35729
2023-04-22 15:30:01.183 INFO  org.apache.coyote.http11.Http11NioProtocol        :173  [32m                  [0;39m Starting ProtocolHandler ["http-nio-8880"]
2023-04-22 15:30:01.207 INFO  o.s.boot.web.embedded.tomcat.TomcatWebServer      :204  [32m                  [0;39m Tomcat started on port(s): 8880 (http) with context path ''
2023-04-22 15:30:01.211 INFO  com.frank.wiki.App                                :59   [32m                  [0;39m Started App in 3.325 seconds (JVM running for 4.798)
2023-04-22 15:30:01.214 INFO  com.frank.wiki.App                                :20   [32m                  [0;39m 启动成功！
2023-04-22 15:30:01.215 INFO  com.frank.wiki.App                                :21   [32m                  [0;39m 地址: 	http://127.0.0.1:8880
2023-04-22 15:30:08.247 INFO  o.a.c.core.ContainerBase.[Tomcat].[localhost].[/] :173  [32m                  [0;39m Initializing Spring DispatcherServlet 'dispatcherServlet'
2023-04-22 15:30:08.249 INFO  org.springframework.web.servlet.DispatcherServlet :524  [32m                  [0;39m Initializing Servlet 'dispatcherServlet'
2023-04-22 15:30:08.256 INFO  org.springframework.web.servlet.DispatcherServlet :546  [32m                  [0;39m Completed initialization in 7 ms
2023-04-22 15:30:08.321 INFO  com.zaxxer.hikari.HikariDataSource                :110  [32m                  [0;39m HikariPool-1 - Starting...
2023-04-22 15:30:08.650 INFO  com.zaxxer.hikari.HikariDataSource                :123  [32m                  [0;39m HikariPool-1 - Start completed.
2023-04-22 15:30:25.306 INFO  o.s.scheduling.concurrent.ThreadPoolTaskExecutor  :208  [32m                  [0;39m Shutting down ExecutorService 'applicationTaskExecutor'
2023-04-22 15:30:25.307 INFO  com.zaxxer.hikari.HikariDataSource                :350  [32m                  [0;39m HikariPool-1 - Shutdown initiated...
2023-04-22 15:30:25.326 INFO  com.zaxxer.hikari.HikariDataSource                :352  [32m                  [0;39m HikariPool-1 - Shutdown completed.
2023-04-22 16:14:37.205 INFO  com.frank.wiki.App                                :50   [32m                  [0;39m Starting App on 今 with PID 7068 (D:\project_all\feisi_keshe\wiki\target\classes started by 123 in D:\project_all\feisi_keshe\wiki)
2023-04-22 16:14:37.208 INFO  com.frank.wiki.App                                :675  [32m                  [0;39m No active profile set, falling back to default profiles: default
2023-04-22 16:14:37.257 INFO  o.s.b.d.env.DevToolsPropertyDefaultsPostProcessor :227  [32m                  [0;39m Devtools property defaults active! Set 'spring.devtools.add-properties' to 'false' to disable
2023-04-22 16:14:37.257 INFO  o.s.b.d.env.DevToolsPropertyDefaultsPostProcessor :227  [32m                  [0;39m For additional web related logging consider setting the 'logging.level.web' property to 'DEBUG'
2023-04-22 16:14:38.853 INFO  o.s.boot.web.embedded.tomcat.TomcatWebServer      :90   [32m                  [0;39m Tomcat initialized with port(s): 8880 (http)
2023-04-22 16:14:38.885 INFO  org.apache.coyote.http11.Http11NioProtocol        :173  [32m                  [0;39m Initializing ProtocolHandler ["http-nio-8880"]
2023-04-22 16:14:38.897 INFO  org.apache.catalina.core.StandardService          :173  [32m                  [0;39m Starting service [Tomcat]
2023-04-22 16:14:38.897 INFO  org.apache.catalina.core.StandardEngine           :173  [32m                  [0;39m Starting Servlet engine: [Apache Tomcat/9.0.17]
2023-04-22 16:14:39.045 INFO  o.a.c.core.ContainerBase.[Tomcat].[localhost].[/] :173  [32m                  [0;39m Initializing Spring embedded WebApplicationContext
2023-04-22 16:14:39.045 INFO  org.springframework.web.context.ContextLoader     :296  [32m                  [0;39m Root WebApplicationContext: initialization completed in 1788 ms
2023-04-22 16:14:39.673 INFO  o.s.scheduling.concurrent.ThreadPoolTaskExecutor  :171  [32m                  [0;39m Initializing ExecutorService 'applicationTaskExecutor'
2023-04-22 16:14:39.975 INFO  o.s.b.d.autoconfigure.OptionalLiveReloadServer    :57   [32m                  [0;39m LiveReload server is running on port 35729
2023-04-22 16:14:40.004 INFO  org.apache.coyote.http11.Http11NioProtocol        :173  [32m                  [0;39m Starting ProtocolHandler ["http-nio-8880"]
2023-04-22 16:14:40.032 INFO  o.s.boot.web.embedded.tomcat.TomcatWebServer      :204  [32m                  [0;39m Tomcat started on port(s): 8880 (http) with context path ''
2023-04-22 16:14:40.038 INFO  com.frank.wiki.App                                :59   [32m                  [0;39m Started App in 3.264 seconds (JVM running for 4.765)
2023-04-22 16:14:40.041 INFO  com.frank.wiki.App                                :20   [32m                  [0;39m 启动成功！
2023-04-22 16:14:40.041 INFO  com.frank.wiki.App                                :21   [32m                  [0;39m 地址: 	http://127.0.0.1:8880
2023-04-22 16:14:45.422 INFO  o.a.c.core.ContainerBase.[Tomcat].[localhost].[/] :173  [32m                  [0;39m Initializing Spring DispatcherServlet 'dispatcherServlet'
2023-04-22 16:14:45.424 INFO  org.springframework.web.servlet.DispatcherServlet :524  [32m                  [0;39m Initializing Servlet 'dispatcherServlet'
2023-04-22 16:14:45.431 INFO  org.springframework.web.servlet.DispatcherServlet :546  [32m                  [0;39m Completed initialization in 7 ms
2023-04-22 16:14:45.529 INFO  com.zaxxer.hikari.HikariDataSource                :110  [32m                  [0;39m HikariPool-1 - Starting...
2023-04-22 16:14:45.807 INFO  com.zaxxer.hikari.HikariDataSource                :123  [32m                  [0;39m HikariPool-1 - Start completed.
2023-04-22 16:16:41.515 INFO  o.s.scheduling.concurrent.ThreadPoolTaskExecutor  :208  [32m                  [0;39m Shutting down ExecutorService 'applicationTaskExecutor'
2023-04-22 16:16:41.516 INFO  com.zaxxer.hikari.HikariDataSource                :350  [32m                  [0;39m HikariPool-1 - Shutdown initiated...
2023-04-22 16:16:41.534 INFO  com.zaxxer.hikari.HikariDataSource                :352  [32m                  [0;39m HikariPool-1 - Shutdown completed.
2023-04-22 16:16:48.666 INFO  com.frank.wiki.App                                :50   [32m                  [0;39m Starting App on 今 with PID 8028 (D:\project_all\feisi_keshe\wiki\target\classes started by 123 in D:\project_all\feisi_keshe\wiki)
2023-04-22 16:16:48.670 INFO  com.frank.wiki.App                                :675  [32m                  [0;39m No active profile set, falling back to default profiles: default
2023-04-22 16:16:48.713 INFO  o.s.b.d.env.DevToolsPropertyDefaultsPostProcessor :227  [32m                  [0;39m Devtools property defaults active! Set 'spring.devtools.add-properties' to 'false' to disable
2023-04-22 16:16:48.713 INFO  o.s.b.d.env.DevToolsPropertyDefaultsPostProcessor :227  [32m                  [0;39m For additional web related logging consider setting the 'logging.level.web' property to 'DEBUG'
2023-04-22 16:16:50.206 INFO  o.s.boot.web.embedded.tomcat.TomcatWebServer      :90   [32m                  [0;39m Tomcat initialized with port(s): 8880 (http)
2023-04-22 16:16:50.223 INFO  org.apache.coyote.http11.Http11NioProtocol        :173  [32m                  [0;39m Initializing ProtocolHandler ["http-nio-8880"]
2023-04-22 16:16:50.233 INFO  org.apache.catalina.core.StandardService          :173  [32m                  [0;39m Starting service [Tomcat]
2023-04-22 16:16:50.234 INFO  org.apache.catalina.core.StandardEngine           :173  [32m                  [0;39m Starting Servlet engine: [Apache Tomcat/9.0.17]
2023-04-22 16:16:50.381 INFO  o.a.c.core.ContainerBase.[Tomcat].[localhost].[/] :173  [32m                  [0;39m Initializing Spring embedded WebApplicationContext
2023-04-22 16:16:50.381 INFO  org.springframework.web.context.ContextLoader     :296  [32m                  [0;39m Root WebApplicationContext: initialization completed in 1668 ms
2023-04-22 16:16:50.439 WARN  o.s.b.w.s.c.AnnotationConfigServletWebServerApplicationContext:557  [32m                  [0;39m Exception encountered during context initialization - cancelling refresh attempt: org.springframework.beans.factory.BeanCreationException: Error creating bean with name 'ebookController': Injection of resource dependencies failed; nested exception is org.springframework.beans.factory.NoSuchBeanDefinitionException: No qualifying bean of type 'com.frank.wiki.service.EbookService' available: expected at least 1 bean which qualifies as autowire candidate. Dependency annotations: {@javax.annotation.Resource(shareable=true, lookup="", name="", description="", authenticationType=CONTAINER, type=java.lang.Object.class, mappedName="")}
2023-04-22 16:16:50.441 INFO  org.apache.catalina.core.StandardService          :173  [32m                  [0;39m Stopping service [Tomcat]
2023-04-22 16:16:50.460 INFO  o.s.b.a.l.ConditionEvaluationReportLoggingListener:142  [32m                  [0;39m 

Error starting ApplicationContext. To display the conditions report re-run your application with 'debug' enabled.
2023-04-22 16:16:50.718 ERROR o.s.b.diagnostics.LoggingFailureAnalysisReporter  :42   [32m                  [0;39m 

***************************
APPLICATION FAILED TO START
***************************

Description:

A component required a bean of type 'com.frank.wiki.service.EbookService' that could not be found.


Action:

Consider defining a bean of type 'com.frank.wiki.service.EbookService' in your configuration.

2023-04-22 16:17:10.594 INFO  com.frank.wiki.App                                :50   [32m                  [0;39m Starting App on 今 with PID 15472 (D:\project_all\feisi_keshe\wiki\target\classes started by 123 in D:\project_all\feisi_keshe\wiki)
2023-04-22 16:17:10.597 INFO  com.frank.wiki.App                                :675  [32m                  [0;39m No active profile set, falling back to default profiles: default
2023-04-22 16:17:10.637 INFO  o.s.b.d.env.DevToolsPropertyDefaultsPostProcessor :227  [32m                  [0;39m Devtools property defaults active! Set 'spring.devtools.add-properties' to 'false' to disable
2023-04-22 16:17:10.638 INFO  o.s.b.d.env.DevToolsPropertyDefaultsPostProcessor :227  [32m                  [0;39m For additional web related logging consider setting the 'logging.level.web' property to 'DEBUG'
2023-04-22 16:17:11.995 INFO  o.s.boot.web.embedded.tomcat.TomcatWebServer      :90   [32m                  [0;39m Tomcat initialized with port(s): 8880 (http)
2023-04-22 16:17:12.023 INFO  org.apache.coyote.http11.Http11NioProtocol        :173  [32m                  [0;39m Initializing ProtocolHandler ["http-nio-8880"]
2023-04-22 16:17:12.033 INFO  org.apache.catalina.core.StandardService          :173  [32m                  [0;39m Starting service [Tomcat]
2023-04-22 16:17:12.033 INFO  org.apache.catalina.core.StandardEngine           :173  [32m                  [0;39m Starting Servlet engine: [Apache Tomcat/9.0.17]
2023-04-22 16:17:12.164 INFO  o.a.c.core.ContainerBase.[Tomcat].[localhost].[/] :173  [32m                  [0;39m Initializing Spring embedded WebApplicationContext
2023-04-22 16:17:12.164 INFO  org.springframework.web.context.ContextLoader     :296  [32m                  [0;39m Root WebApplicationContext: initialization completed in 1526 ms
2023-04-22 16:17:12.680 INFO  o.s.scheduling.concurrent.ThreadPoolTaskExecutor  :171  [32m                  [0;39m Initializing ExecutorService 'applicationTaskExecutor'
2023-04-22 16:17:12.942 INFO  o.s.b.d.autoconfigure.OptionalLiveReloadServer    :57   [32m                  [0;39m LiveReload server is running on port 35729
2023-04-22 16:17:12.969 INFO  org.apache.coyote.http11.Http11NioProtocol        :173  [32m                  [0;39m Starting ProtocolHandler ["http-nio-8880"]
2023-04-22 16:17:12.998 INFO  o.s.boot.web.embedded.tomcat.TomcatWebServer      :204  [32m                  [0;39m Tomcat started on port(s): 8880 (http) with context path ''
2023-04-22 16:17:13.003 INFO  com.frank.wiki.App                                :59   [32m                  [0;39m Started App in 2.85 seconds (JVM running for 4.328)
2023-04-22 16:17:13.008 INFO  com.frank.wiki.App                                :20   [32m                  [0;39m 启动成功！
2023-04-22 16:17:13.009 INFO  com.frank.wiki.App                                :21   [32m                  [0;39m 地址: 	http://127.0.0.1:8880
2023-04-22 16:26:08.050 INFO  o.s.scheduling.concurrent.ThreadPoolTaskExecutor  :208  [32m                  [0;39m Shutting down ExecutorService 'applicationTaskExecutor'
2023-04-22 16:26:08.749 INFO  com.frank.wiki.App                                :50   [32m                  [0;39m Starting App on 今 with PID 15472 (D:\project_all\feisi_keshe\wiki\target\classes started by 123 in D:\project_all\feisi_keshe\wiki)
2023-04-22 16:26:08.750 INFO  com.frank.wiki.App                                :675  [32m                  [0;39m No active profile set, falling back to default profiles: default
2023-04-22 16:26:09.314 INFO  o.s.boot.web.embedded.tomcat.TomcatWebServer      :90   [32m                  [0;39m Tomcat initialized with port(s): 8880 (http)
2023-04-22 16:26:09.315 INFO  org.apache.coyote.http11.Http11NioProtocol        :173  [32m                  [0;39m Initializing ProtocolHandler ["http-nio-8880"]
2023-04-22 16:26:09.316 INFO  org.apache.catalina.core.StandardService          :173  [32m                  [0;39m Starting service [Tomcat]
2023-04-22 16:26:09.316 INFO  org.apache.catalina.core.StandardEngine           :173  [32m                  [0;39m Starting Servlet engine: [Apache Tomcat/9.0.17]
2023-04-22 16:26:09.370 INFO  o.a.c.core.ContainerBase.[Tomcat].[localhost].[/] :173  [32m                  [0;39m Initializing Spring embedded WebApplicationContext
2023-04-22 16:26:09.370 INFO  org.springframework.web.context.ContextLoader     :296  [32m                  [0;39m Root WebApplicationContext: initialization completed in 617 ms
2023-04-22 16:26:09.583 INFO  o.s.scheduling.concurrent.ThreadPoolTaskExecutor  :171  [32m                  [0;39m Initializing ExecutorService 'applicationTaskExecutor'
2023-04-22 16:26:09.711 INFO  o.s.b.d.autoconfigure.OptionalLiveReloadServer    :57   [32m                  [0;39m LiveReload server is running on port 35729
2023-04-22 16:26:09.726 INFO  org.apache.coyote.http11.Http11NioProtocol        :173  [32m                  [0;39m Starting ProtocolHandler ["http-nio-8880"]
2023-04-22 16:26:09.731 INFO  o.s.boot.web.embedded.tomcat.TomcatWebServer      :204  [32m                  [0;39m Tomcat started on port(s): 8880 (http) with context path ''
2023-04-22 16:26:09.732 INFO  com.frank.wiki.App                                :59   [32m                  [0;39m Started App in 1.055 seconds (JVM running for 541.057)
2023-04-22 16:26:09.734 INFO  o.s.b.d.a.ConditionEvaluationDeltaLoggingListener :70   [32m                  [0;39m Condition evaluation unchanged
2023-04-22 16:26:09.735 INFO  com.frank.wiki.App                                :20   [32m                  [0;39m 启动成功！
2023-04-22 16:26:09.736 INFO  com.frank.wiki.App                                :21   [32m                  [0;39m 地址: 	http://127.0.0.1:8880
2023-04-22 16:27:27.851 INFO  o.s.scheduling.concurrent.ThreadPoolTaskExecutor  :208  [32m                  [0;39m Shutting down ExecutorService 'applicationTaskExecutor'
2023-04-22 16:27:28.479 INFO  com.frank.wiki.App                                :50   [32m                  [0;39m Starting App on 今 with PID 15472 (D:\project_all\feisi_keshe\wiki\target\classes started by 123 in D:\project_all\feisi_keshe\wiki)
2023-04-22 16:27:28.479 INFO  com.frank.wiki.App                                :675  [32m                  [0;39m No active profile set, falling back to default profiles: default
2023-04-22 16:27:28.936 INFO  o.s.boot.web.embedded.tomcat.TomcatWebServer      :90   [32m                  [0;39m Tomcat initialized with port(s): 8880 (http)
2023-04-22 16:27:28.937 INFO  org.apache.coyote.http11.Http11NioProtocol        :173  [32m                  [0;39m Initializing ProtocolHandler ["http-nio-8880"]
2023-04-22 16:27:28.937 INFO  org.apache.catalina.core.StandardService          :173  [32m                  [0;39m Starting service [Tomcat]
2023-04-22 16:27:28.938 INFO  org.apache.catalina.core.StandardEngine           :173  [32m                  [0;39m Starting Servlet engine: [Apache Tomcat/9.0.17]
2023-04-22 16:27:28.982 INFO  o.a.c.core.ContainerBase.[Tomcat].[localhost].[/] :173  [32m                  [0;39m Initializing Spring embedded WebApplicationContext
2023-04-22 16:27:28.982 INFO  org.springframework.web.context.ContextLoader     :296  [32m                  [0;39m Root WebApplicationContext: initialization completed in 500 ms
2023-04-22 16:27:29.150 INFO  o.s.scheduling.concurrent.ThreadPoolTaskExecutor  :171  [32m                  [0;39m Initializing ExecutorService 'applicationTaskExecutor'
2023-04-22 16:27:29.278 INFO  o.s.b.d.autoconfigure.OptionalLiveReloadServer    :57   [32m                  [0;39m LiveReload server is running on port 35729
2023-04-22 16:27:29.295 INFO  org.apache.coyote.http11.Http11NioProtocol        :173  [32m                  [0;39m Starting ProtocolHandler ["http-nio-8880"]
2023-04-22 16:27:29.300 INFO  o.s.boot.web.embedded.tomcat.TomcatWebServer      :204  [32m                  [0;39m Tomcat started on port(s): 8880 (http) with context path ''
2023-04-22 16:27:29.301 INFO  com.frank.wiki.App                                :59   [32m                  [0;39m Started App in 0.882 seconds (JVM running for 620.626)
2023-04-22 16:27:29.302 INFO  o.s.b.d.a.ConditionEvaluationDeltaLoggingListener :70   [32m                  [0;39m Condition evaluation unchanged
2023-04-22 16:27:29.303 INFO  com.frank.wiki.App                                :20   [32m                  [0;39m 启动成功！
2023-04-22 16:27:29.303 INFO  com.frank.wiki.App                                :21   [32m                  [0;39m 地址: 	http://127.0.0.1:8880
2023-04-22 16:28:47.215 INFO  o.s.scheduling.concurrent.ThreadPoolTaskExecutor  :208  [32m                  [0;39m Shutting down ExecutorService 'applicationTaskExecutor'
2023-04-22 16:28:47.849 INFO  com.frank.wiki.App                                :50   [32m                  [0;39m Starting App on 今 with PID 15472 (D:\project_all\feisi_keshe\wiki\target\classes started by 123 in D:\project_all\feisi_keshe\wiki)
2023-04-22 16:28:47.850 INFO  com.frank.wiki.App                                :675  [32m                  [0;39m No active profile set, falling back to default profiles: default
2023-04-22 16:28:48.328 INFO  o.s.boot.web.embedded.tomcat.TomcatWebServer      :90   [32m                  [0;39m Tomcat initialized with port(s): 8880 (http)
2023-04-22 16:28:48.329 INFO  org.apache.coyote.http11.Http11NioProtocol        :173  [32m                  [0;39m Initializing ProtocolHandler ["http-nio-8880"]
2023-04-22 16:28:48.329 INFO  org.apache.catalina.core.StandardService          :173  [32m                  [0;39m Starting service [Tomcat]
2023-04-22 16:28:48.329 INFO  org.apache.catalina.core.StandardEngine           :173  [32m                  [0;39m Starting Servlet engine: [Apache Tomcat/9.0.17]
2023-04-22 16:28:48.374 INFO  o.a.c.core.ContainerBase.[Tomcat].[localhost].[/] :173  [32m                  [0;39m Initializing Spring embedded WebApplicationContext
2023-04-22 16:28:48.374 INFO  org.springframework.web.context.ContextLoader     :296  [32m                  [0;39m Root WebApplicationContext: initialization completed in 522 ms
2023-04-22 16:28:48.534 INFO  o.s.scheduling.concurrent.ThreadPoolTaskExecutor  :171  [32m                  [0;39m Initializing ExecutorService 'applicationTaskExecutor'
2023-04-22 16:28:48.644 INFO  o.s.b.d.autoconfigure.OptionalLiveReloadServer    :57   [32m                  [0;39m LiveReload server is running on port 35729
2023-04-22 16:28:48.656 INFO  org.apache.coyote.http11.Http11NioProtocol        :173  [32m                  [0;39m Starting ProtocolHandler ["http-nio-8880"]
2023-04-22 16:28:48.663 INFO  o.s.boot.web.embedded.tomcat.TomcatWebServer      :204  [32m                  [0;39m Tomcat started on port(s): 8880 (http) with context path ''
2023-04-22 16:28:48.664 INFO  com.frank.wiki.App                                :59   [32m                  [0;39m Started App in 0.871 seconds (JVM running for 699.989)
2023-04-22 16:28:48.666 INFO  o.s.b.d.a.ConditionEvaluationDeltaLoggingListener :70   [32m                  [0;39m Condition evaluation unchanged
2023-04-22 16:28:48.666 INFO  com.frank.wiki.App                                :20   [32m                  [0;39m 启动成功！
2023-04-22 16:28:48.667 INFO  com.frank.wiki.App                                :21   [32m                  [0;39m 地址: 	http://127.0.0.1:8880
2023-04-22 16:35:19.596 INFO  o.s.scheduling.concurrent.ThreadPoolTaskExecutor  :208  [32m                  [0;39m Shutting down ExecutorService 'applicationTaskExecutor'
2023-04-22 16:35:26.407 INFO  com.frank.wiki.App                                :50   [32m                  [0;39m Starting App on 今 with PID 1128 (D:\project_all\feisi_keshe\wiki\target\classes started by 123 in D:\project_all\feisi_keshe\wiki)
2023-04-22 16:35:26.411 INFO  com.frank.wiki.App                                :675  [32m                  [0;39m No active profile set, falling back to default profiles: default
2023-04-22 16:35:26.462 INFO  o.s.b.d.env.DevToolsPropertyDefaultsPostProcessor :227  [32m                  [0;39m Devtools property defaults active! Set 'spring.devtools.add-properties' to 'false' to disable
2023-04-22 16:35:26.462 INFO  o.s.b.d.env.DevToolsPropertyDefaultsPostProcessor :227  [32m                  [0;39m For additional web related logging consider setting the 'logging.level.web' property to 'DEBUG'
2023-04-22 16:35:28.000 INFO  o.s.boot.web.embedded.tomcat.TomcatWebServer      :90   [32m                  [0;39m Tomcat initialized with port(s): 8880 (http)
2023-04-22 16:35:28.016 INFO  org.apache.coyote.http11.Http11NioProtocol        :173  [32m                  [0;39m Initializing ProtocolHandler ["http-nio-8880"]
2023-04-22 16:35:28.026 INFO  org.apache.catalina.core.StandardService          :173  [32m                  [0;39m Starting service [Tomcat]
2023-04-22 16:35:28.026 INFO  org.apache.catalina.core.StandardEngine           :173  [32m                  [0;39m Starting Servlet engine: [Apache Tomcat/9.0.17]
2023-04-22 16:35:28.170 INFO  o.a.c.core.ContainerBase.[Tomcat].[localhost].[/] :173  [32m                  [0;39m Initializing Spring embedded WebApplicationContext
2023-04-22 16:35:28.170 INFO  org.springframework.web.context.ContextLoader     :296  [32m                  [0;39m Root WebApplicationContext: initialization completed in 1707 ms
2023-04-22 16:35:28.728 INFO  o.s.scheduling.concurrent.ThreadPoolTaskExecutor  :171  [32m                  [0;39m Initializing ExecutorService 'applicationTaskExecutor'
2023-04-22 16:35:28.984 INFO  o.s.b.d.autoconfigure.OptionalLiveReloadServer    :57   [32m                  [0;39m LiveReload server is running on port 35729
2023-04-22 16:35:29.009 INFO  org.apache.coyote.http11.Http11NioProtocol        :173  [32m                  [0;39m Starting ProtocolHandler ["http-nio-8880"]
2023-04-22 16:35:29.032 INFO  o.s.boot.web.embedded.tomcat.TomcatWebServer      :204  [32m                  [0;39m Tomcat started on port(s): 8880 (http) with context path ''
2023-04-22 16:35:29.036 INFO  com.frank.wiki.App                                :59   [32m                  [0;39m Started App in 3.071 seconds (JVM running for 4.497)
2023-04-22 16:35:29.039 INFO  com.frank.wiki.App                                :20   [32m                  [0;39m 启动成功！
2023-04-22 16:35:29.039 INFO  com.frank.wiki.App                                :21   [32m                  [0;39m 地址: 	http://127.0.0.1:8880
2023-04-22 16:35:38.641 INFO  o.a.c.core.ContainerBase.[Tomcat].[localhost].[/] :173  [32m                  [0;39m Initializing Spring DispatcherServlet 'dispatcherServlet'
2023-04-22 16:35:38.642 INFO  org.springframework.web.servlet.DispatcherServlet :524  [32m                  [0;39m Initializing Servlet 'dispatcherServlet'
2023-04-22 16:35:38.649 INFO  org.springframework.web.servlet.DispatcherServlet :546  [32m                  [0;39m Completed initialization in 6 ms
2023-04-22 16:35:38.699 INFO  com.zaxxer.hikari.HikariDataSource                :110  [32m                  [0;39m HikariPool-1 - Starting...
2023-04-22 16:35:38.975 INFO  com.zaxxer.hikari.HikariDataSource                :123  [32m                  [0;39m HikariPool-1 - Start completed.
2023-04-22 16:37:59.852 INFO  o.s.scheduling.concurrent.ThreadPoolTaskExecutor  :208  [32m                  [0;39m Shutting down ExecutorService 'applicationTaskExecutor'
2023-04-22 16:37:59.853 INFO  com.zaxxer.hikari.HikariDataSource                :350  [32m                  [0;39m HikariPool-1 - Shutdown initiated...
2023-04-22 16:37:59.862 INFO  com.zaxxer.hikari.HikariDataSource                :352  [32m                  [0;39m HikariPool-1 - Shutdown completed.
