2023-04-26 22:04:06.720 INFO  com.frank.wiki.App                                :50   [32m                  [0;39m Starting App on 今 with PID 9076 (D:\project_all\feisi_keshe\wiki\target\classes started by 123 in D:\project_all\feisi_keshe\wiki)
2023-04-26 22:04:06.726 INFO  com.frank.wiki.App                                :675  [32m                  [0;39m No active profile set, falling back to default profiles: default
2023-04-26 22:04:06.778 INFO  o.s.b.d.env.DevToolsPropertyDefaultsPostProcessor :227  [32m                  [0;39m Devtools property defaults active! Set 'spring.devtools.add-properties' to 'false' to disable
2023-04-26 22:04:06.778 INFO  o.s.b.d.env.DevToolsPropertyDefaultsPostProcessor :227  [32m                  [0;39m For additional web related logging consider setting the 'logging.level.web' property to 'DEBUG'
2023-04-26 22:04:08.850 INFO  o.s.boot.web.embedded.tomcat.TomcatWebServer      :90   [32m                  [0;39m Tomcat initialized with port(s): 8880 (http)
2023-04-26 22:04:08.874 INFO  org.apache.coyote.http11.Http11NioProtocol        :173  [32m                  [0;39m Initializing ProtocolHandler ["http-nio-8880"]
2023-04-26 22:04:08.886 INFO  org.apache.catalina.core.StandardService          :173  [32m                  [0;39m Starting service [Tomcat]
2023-04-26 22:04:08.887 INFO  org.apache.catalina.core.StandardEngine           :173  [32m                  [0;39m Starting Servlet engine: [Apache Tomcat/9.0.17]
2023-04-26 22:04:09.069 INFO  o.a.c.core.ContainerBase.[Tomcat].[localhost].[/] :173  [32m                  [0;39m Initializing Spring embedded WebApplicationContext
2023-04-26 22:04:09.070 INFO  org.springframework.web.context.ContextLoader     :296  [32m                  [0;39m Root WebApplicationContext: initialization completed in 2292 ms
2023-04-26 22:04:09.873 INFO  o.s.scheduling.concurrent.ThreadPoolTaskExecutor  :171  [32m                  [0;39m Initializing ExecutorService 'applicationTaskExecutor'
2023-04-26 22:04:10.165 INFO  o.s.b.d.autoconfigure.OptionalLiveReloadServer    :57   [32m                  [0;39m LiveReload server is running on port 35729
2023-04-26 22:04:10.193 INFO  org.apache.coyote.http11.Http11NioProtocol        :173  [32m                  [0;39m Starting ProtocolHandler ["http-nio-8880"]
2023-04-26 22:04:10.223 INFO  o.s.boot.web.embedded.tomcat.TomcatWebServer      :204  [32m                  [0;39m Tomcat started on port(s): 8880 (http) with context path ''
2023-04-26 22:04:10.229 INFO  com.frank.wiki.App                                :59   [32m                  [0;39m Started App in 4.034 seconds (JVM running for 5.733)
2023-04-26 22:04:10.233 INFO  com.frank.wiki.App                                :20   [32m                  [0;39m 启动成功！
2023-04-26 22:04:10.233 INFO  com.frank.wiki.App                                :21   [32m                  [0;39m 地址: 	http://127.0.0.1:8880
2023-04-26 22:05:17.970 INFO  o.s.scheduling.concurrent.ThreadPoolTaskExecutor  :208  [32m                  [0;39m Shutting down ExecutorService 'applicationTaskExecutor'
2023-04-26 22:05:27.180 INFO  com.frank.wiki.App                                :50   [32m                  [0;39m Starting App on 今 with PID 21444 (D:\project_all\feisi_keshe\wiki\target\classes started by 123 in D:\project_all\feisi_keshe\wiki)
2023-04-26 22:05:27.184 INFO  com.frank.wiki.App                                :675  [32m                  [0;39m No active profile set, falling back to default profiles: default
2023-04-26 22:05:27.226 INFO  o.s.b.d.env.DevToolsPropertyDefaultsPostProcessor :227  [32m                  [0;39m Devtools property defaults active! Set 'spring.devtools.add-properties' to 'false' to disable
2023-04-26 22:05:27.226 INFO  o.s.b.d.env.DevToolsPropertyDefaultsPostProcessor :227  [32m                  [0;39m For additional web related logging consider setting the 'logging.level.web' property to 'DEBUG'
2023-04-26 22:05:28.671 INFO  o.s.boot.web.embedded.tomcat.TomcatWebServer      :90   [32m                  [0;39m Tomcat initialized with port(s): 8880 (http)
2023-04-26 22:05:28.689 INFO  org.apache.coyote.http11.Http11NioProtocol        :173  [32m                  [0;39m Initializing ProtocolHandler ["http-nio-8880"]
2023-04-26 22:05:28.698 INFO  org.apache.catalina.core.StandardService          :173  [32m                  [0;39m Starting service [Tomcat]
2023-04-26 22:05:28.699 INFO  org.apache.catalina.core.StandardEngine           :173  [32m                  [0;39m Starting Servlet engine: [Apache Tomcat/9.0.17]
2023-04-26 22:05:28.855 INFO  o.a.c.core.ContainerBase.[Tomcat].[localhost].[/] :173  [32m                  [0;39m Initializing Spring embedded WebApplicationContext
2023-04-26 22:05:28.855 INFO  org.springframework.web.context.ContextLoader     :296  [32m                  [0;39m Root WebApplicationContext: initialization completed in 1629 ms
2023-04-26 22:05:29.390 INFO  o.s.scheduling.concurrent.ThreadPoolTaskExecutor  :171  [32m                  [0;39m Initializing ExecutorService 'applicationTaskExecutor'
2023-04-26 22:05:29.664 INFO  o.s.b.d.autoconfigure.OptionalLiveReloadServer    :57   [32m                  [0;39m LiveReload server is running on port 35729
2023-04-26 22:05:29.691 INFO  org.apache.coyote.http11.Http11NioProtocol        :173  [32m                  [0;39m Starting ProtocolHandler ["http-nio-8880"]
2023-04-26 22:05:29.716 INFO  o.s.boot.web.embedded.tomcat.TomcatWebServer      :204  [32m                  [0;39m Tomcat started on port(s): 8880 (http) with context path ''
2023-04-26 22:05:29.721 INFO  com.frank.wiki.App                                :59   [32m                  [0;39m Started App in 2.988 seconds (JVM running for 4.575)
2023-04-26 22:05:29.723 INFO  com.frank.wiki.App                                :20   [32m                  [0;39m 启动成功！
2023-04-26 22:05:29.724 INFO  com.frank.wiki.App                                :21   [32m                  [0;39m 地址: 	http://127.0.0.1:8880
2023-04-26 22:06:57.671 INFO  o.a.c.core.ContainerBase.[Tomcat].[localhost].[/] :173  [32m                  [0;39m Initializing Spring DispatcherServlet 'dispatcherServlet'
2023-04-26 22:06:57.672 INFO  org.springframework.web.servlet.DispatcherServlet :524  [32m                  [0;39m Initializing Servlet 'dispatcherServlet'
2023-04-26 22:06:57.681 INFO  org.springframework.web.servlet.DispatcherServlet :546  [32m                  [0;39m Completed initialization in 9 ms
2023-04-26 22:06:57.809 INFO  com.zaxxer.hikari.HikariDataSource                :110  [32m                  [0;39m HikariPool-1 - Starting...
2023-04-26 22:06:58.314 INFO  com.zaxxer.hikari.HikariDataSource                :123  [32m                  [0;39m HikariPool-1 - Start completed.
2023-04-26 22:18:43.144 INFO  o.s.scheduling.concurrent.ThreadPoolTaskExecutor  :208  [32m                  [0;39m Shutting down ExecutorService 'applicationTaskExecutor'
2023-04-26 22:18:43.145 INFO  com.zaxxer.hikari.HikariDataSource                :350  [32m                  [0;39m HikariPool-1 - Shutdown initiated...
2023-04-26 22:18:43.168 INFO  com.zaxxer.hikari.HikariDataSource                :352  [32m                  [0;39m HikariPool-1 - Shutdown completed.
2023-04-26 22:18:44.031 INFO  com.frank.wiki.App                                :50   [32m                  [0;39m Starting App on 今 with PID 21444 (D:\project_all\feisi_keshe\wiki\target\classes started by 123 in D:\project_all\feisi_keshe\wiki)
2023-04-26 22:18:44.032 INFO  com.frank.wiki.App                                :675  [32m                  [0;39m No active profile set, falling back to default profiles: default
2023-04-26 22:18:44.698 INFO  o.s.boot.web.embedded.tomcat.TomcatWebServer      :90   [32m                  [0;39m Tomcat initialized with port(s): 8880 (http)
2023-04-26 22:18:44.699 INFO  org.apache.coyote.http11.Http11NioProtocol        :173  [32m                  [0;39m Initializing ProtocolHandler ["http-nio-8880"]
2023-04-26 22:18:44.700 INFO  org.apache.catalina.core.StandardService          :173  [32m                  [0;39m Starting service [Tomcat]
2023-04-26 22:18:44.700 INFO  org.apache.catalina.core.StandardEngine           :173  [32m                  [0;39m Starting Servlet engine: [Apache Tomcat/9.0.17]
2023-04-26 22:18:44.761 INFO  o.a.c.core.ContainerBase.[Tomcat].[localhost].[/] :173  [32m                  [0;39m Initializing Spring embedded WebApplicationContext
2023-04-26 22:18:44.762 INFO  org.springframework.web.context.ContextLoader     :296  [32m                  [0;39m Root WebApplicationContext: initialization completed in 727 ms
2023-04-26 22:18:44.993 INFO  o.s.scheduling.concurrent.ThreadPoolTaskExecutor  :171  [32m                  [0;39m Initializing ExecutorService 'applicationTaskExecutor'
2023-04-26 22:18:45.144 INFO  o.s.b.d.autoconfigure.OptionalLiveReloadServer    :57   [32m                  [0;39m LiveReload server is running on port 35729
2023-04-26 22:18:45.161 INFO  org.apache.coyote.http11.Http11NioProtocol        :173  [32m                  [0;39m Starting ProtocolHandler ["http-nio-8880"]
2023-04-26 22:18:45.167 INFO  o.s.boot.web.embedded.tomcat.TomcatWebServer      :204  [32m                  [0;39m Tomcat started on port(s): 8880 (http) with context path ''
2023-04-26 22:18:45.169 INFO  com.frank.wiki.App                                :59   [32m                  [0;39m Started App in 1.222 seconds (JVM running for 800.023)
2023-04-26 22:18:45.171 INFO  o.s.b.d.a.ConditionEvaluationDeltaLoggingListener :70   [32m                  [0;39m Condition evaluation unchanged
2023-04-26 22:18:45.172 INFO  com.frank.wiki.App                                :20   [32m                  [0;39m 启动成功！
2023-04-26 22:18:45.172 INFO  com.frank.wiki.App                                :21   [32m                  [0;39m 地址: 	http://127.0.0.1:8880
2023-04-26 22:22:45.640 INFO  o.s.scheduling.concurrent.ThreadPoolTaskExecutor  :208  [32m                  [0;39m Shutting down ExecutorService 'applicationTaskExecutor'
2023-04-26 22:22:46.362 INFO  com.frank.wiki.App                                :50   [32m                  [0;39m Starting App on 今 with PID 21444 (D:\project_all\feisi_keshe\wiki\target\classes started by 123 in D:\project_all\feisi_keshe\wiki)
2023-04-26 22:22:46.363 INFO  com.frank.wiki.App                                :675  [32m                  [0;39m No active profile set, falling back to default profiles: default
2023-04-26 22:22:46.939 WARN  org.mybatis.spring.mapper.ClassPathMapperScanner  :44   [32m                  [0;39m No MyBatis mapper was found in '[com.frank.wiki]' package. Please check your configuration.
2023-04-26 22:22:47.074 INFO  o.s.boot.web.embedded.tomcat.TomcatWebServer      :90   [32m                  [0;39m Tomcat initialized with port(s): 8880 (http)
2023-04-26 22:22:47.078 INFO  org.apache.coyote.http11.Http11NioProtocol        :173  [32m                  [0;39m Initializing ProtocolHandler ["http-nio-8880"]
2023-04-26 22:22:47.078 INFO  org.apache.catalina.core.StandardService          :173  [32m                  [0;39m Starting service [Tomcat]
2023-04-26 22:22:47.079 INFO  org.apache.catalina.core.StandardEngine           :173  [32m                  [0;39m Starting Servlet engine: [Apache Tomcat/9.0.17]
2023-04-26 22:22:47.206 INFO  o.a.c.core.ContainerBase.[Tomcat].[localhost].[/] :173  [32m                  [0;39m Initializing Spring embedded WebApplicationContext
2023-04-26 22:22:47.208 INFO  org.springframework.web.context.ContextLoader     :296  [32m                  [0;39m Root WebApplicationContext: initialization completed in 842 ms
2023-04-26 22:22:47.407 INFO  o.s.scheduling.concurrent.ThreadPoolTaskExecutor  :171  [32m                  [0;39m Initializing ExecutorService 'applicationTaskExecutor'
2023-04-26 22:22:48.208 INFO  o.s.b.d.autoconfigure.OptionalLiveReloadServer    :57   [32m                  [0;39m LiveReload server is running on port 35729
2023-04-26 22:22:48.239 INFO  org.apache.coyote.http11.Http11NioProtocol        :173  [32m                  [0;39m Starting ProtocolHandler ["http-nio-8880"]
2023-04-26 22:22:48.250 INFO  o.s.boot.web.embedded.tomcat.TomcatWebServer      :204  [32m                  [0;39m Tomcat started on port(s): 8880 (http) with context path ''
2023-04-26 22:22:48.251 INFO  com.frank.wiki.App                                :59   [32m                  [0;39m Started App in 1.978 seconds (JVM running for 1043.105)
2023-04-26 22:22:48.254 INFO  o.s.b.d.a.ConditionEvaluationDeltaLoggingListener :70   [32m                  [0;39m Condition evaluation unchanged
2023-04-26 22:22:48.254 INFO  com.frank.wiki.App                                :20   [32m                  [0;39m 启动成功！
2023-04-26 22:22:48.258 INFO  com.frank.wiki.App                                :21   [32m                  [0;39m 地址: 	http://127.0.0.1:8880
2023-04-26 22:23:39.596 INFO  o.s.scheduling.concurrent.ThreadPoolTaskExecutor  :208  [32m                  [0;39m Shutting down ExecutorService 'applicationTaskExecutor'
2023-04-26 22:26:57.015 INFO  com.frank.wiki.App                                :55   [32m                  [0;39m Starting App using Java 11.0.18 on 今 with PID 21144 (D:\project_all\feisi_keshe\wiki\target\classes started by 123 in D:\project_all\feisi_keshe\wiki)
2023-04-26 22:26:57.019 INFO  com.frank.wiki.App                                :660  [32m                  [0;39m No active profile set, falling back to default profiles: default
2023-04-26 22:26:57.067 INFO  o.s.b.d.env.DevToolsPropertyDefaultsPostProcessor :255  [32m                  [0;39m Devtools property defaults active! Set 'spring.devtools.add-properties' to 'false' to disable
2023-04-26 22:26:57.067 INFO  o.s.b.d.env.DevToolsPropertyDefaultsPostProcessor :255  [32m                  [0;39m For additional web related logging consider setting the 'logging.level.web' property to 'DEBUG'
2023-04-26 22:26:58.639 INFO  o.s.boot.web.embedded.tomcat.TomcatWebServer      :108  [32m                  [0;39m Tomcat initialized with port(s): 8880 (http)
2023-04-26 22:26:58.649 INFO  org.apache.coyote.http11.Http11NioProtocol        :173  [32m                  [0;39m Initializing ProtocolHandler ["http-nio-8880"]
2023-04-26 22:26:58.650 INFO  org.apache.catalina.core.StandardService          :173  [32m                  [0;39m Starting service [Tomcat]
2023-04-26 22:26:58.650 INFO  org.apache.catalina.core.StandardEngine           :173  [32m                  [0;39m Starting Servlet engine: [Apache Tomcat/9.0.39]
2023-04-26 22:26:58.759 INFO  o.a.c.core.ContainerBase.[Tomcat].[localhost].[/] :173  [32m                  [0;39m Initializing Spring embedded WebApplicationContext
2023-04-26 22:26:58.759 INFO  o.s.b.w.s.c.ServletWebServerApplicationContext    :289  [32m                  [0;39m Root WebApplicationContext: initialization completed in 1691 ms
2023-04-26 22:26:59.349 INFO  o.s.scheduling.concurrent.ThreadPoolTaskExecutor  :181  [32m                  [0;39m Initializing ExecutorService 'applicationTaskExecutor'
2023-04-26 22:26:59.627 INFO  o.s.b.d.autoconfigure.OptionalLiveReloadServer    :58   [32m                  [0;39m LiveReload server is running on port 35729
2023-04-26 22:26:59.647 INFO  org.apache.coyote.http11.Http11NioProtocol        :173  [32m                  [0;39m Starting ProtocolHandler ["http-nio-8880"]
2023-04-26 22:26:59.669 INFO  o.s.boot.web.embedded.tomcat.TomcatWebServer      :220  [32m                  [0;39m Tomcat started on port(s): 8880 (http) with context path ''
2023-04-26 22:26:59.684 INFO  com.frank.wiki.App                                :61   [32m                  [0;39m Started App in 3.207 seconds (JVM running for 4.724)
2023-04-26 22:26:59.688 INFO  com.frank.wiki.App                                :20   [32m                  [0;39m 启动成功！
2023-04-26 22:26:59.689 INFO  com.frank.wiki.App                                :21   [32m                  [0;39m 地址: 	http://127.0.0.1:8880
2023-04-26 22:27:37.216 INFO  o.a.c.core.ContainerBase.[Tomcat].[localhost].[/] :173  [32m                  [0;39m Initializing Spring DispatcherServlet 'dispatcherServlet'
2023-04-26 22:27:37.219 INFO  org.springframework.web.servlet.DispatcherServlet :525  [32m                  [0;39m Initializing Servlet 'dispatcherServlet'
2023-04-26 22:27:37.220 INFO  org.springframework.web.servlet.DispatcherServlet :547  [32m                  [0;39m Completed initialization in 1 ms
2023-04-26 22:27:37.343 INFO  com.zaxxer.hikari.HikariDataSource                :110  [32m                  [0;39m HikariPool-1 - Starting...
2023-04-26 22:27:37.680 INFO  com.zaxxer.hikari.HikariDataSource                :123  [32m                  [0;39m HikariPool-1 - Start completed.
2023-04-26 23:54:10.280 INFO  o.s.scheduling.concurrent.ThreadPoolTaskExecutor  :218  [32m                  [0;39m Shutting down ExecutorService 'applicationTaskExecutor'
2023-04-26 23:54:10.283 INFO  com.zaxxer.hikari.HikariDataSource                :350  [32m                  [0;39m HikariPool-1 - Shutdown initiated...
2023-04-26 23:54:10.302 INFO  com.zaxxer.hikari.HikariDataSource                :352  [32m                  [0;39m HikariPool-1 - Shutdown completed.
2023-04-26 23:54:10.496 INFO  com.frank.wiki.App                                :55   [32m                  [0;39m Starting App using Java 11.0.18 on 今 with PID 21144 (D:\project_all\feisi_keshe\wiki\target\classes started by 123 in D:\project_all\feisi_keshe\wiki)
2023-04-26 23:54:10.497 INFO  com.frank.wiki.App                                :660  [32m                  [0;39m No active profile set, falling back to default profiles: default
2023-04-26 23:54:11.023 INFO  o.s.boot.web.embedded.tomcat.TomcatWebServer      :108  [32m                  [0;39m Tomcat initialized with port(s): 8880 (http)
2023-04-26 23:54:11.024 INFO  org.apache.coyote.http11.Http11NioProtocol        :173  [32m                  [0;39m Initializing ProtocolHandler ["http-nio-8880"]
2023-04-26 23:54:11.024 INFO  org.apache.catalina.core.StandardService          :173  [32m                  [0;39m Starting service [Tomcat]
2023-04-26 23:54:11.025 INFO  org.apache.catalina.core.StandardEngine           :173  [32m                  [0;39m Starting Servlet engine: [Apache Tomcat/9.0.39]
2023-04-26 23:54:11.079 INFO  o.a.c.core.ContainerBase.[Tomcat].[localhost].[/] :173  [32m                  [0;39m Initializing Spring embedded WebApplicationContext
2023-04-26 23:54:11.079 INFO  o.s.b.w.s.c.ServletWebServerApplicationContext    :289  [32m                  [0;39m Root WebApplicationContext: initialization completed in 578 ms
2023-04-26 23:54:11.273 INFO  o.s.scheduling.concurrent.ThreadPoolTaskExecutor  :181  [32m                  [0;39m Initializing ExecutorService 'applicationTaskExecutor'
2023-04-26 23:54:11.352 INFO  o.s.b.d.autoconfigure.OptionalLiveReloadServer    :58   [32m                  [0;39m LiveReload server is running on port 35729
2023-04-26 23:54:11.361 INFO  org.apache.coyote.http11.Http11NioProtocol        :173  [32m                  [0;39m Starting ProtocolHandler ["http-nio-8880"]
2023-04-26 23:54:11.366 INFO  o.s.boot.web.embedded.tomcat.TomcatWebServer      :220  [32m                  [0;39m Tomcat started on port(s): 8880 (http) with context path ''
2023-04-26 23:54:11.370 INFO  com.frank.wiki.App                                :61   [32m                  [0;39m Started App in 0.946 seconds (JVM running for 5236.41)
2023-04-26 23:54:11.372 INFO  o.s.b.d.a.ConditionEvaluationDeltaLoggingListener :63   [32m                  [0;39m Condition evaluation unchanged
2023-04-26 23:54:11.372 INFO  com.frank.wiki.App                                :20   [32m                  [0;39m 启动成功！
2023-04-26 23:54:11.373 INFO  com.frank.wiki.App                                :21   [32m                  [0;39m 地址: 	http://127.0.0.1:8880
2023-04-26 23:54:13.504 INFO  o.s.scheduling.concurrent.ThreadPoolTaskExecutor  :218  [32m                  [0;39m Shutting down ExecutorService 'applicationTaskExecutor'
2023-04-26 23:54:13.597 INFO  com.frank.wiki.App                                :55   [32m                  [0;39m Starting App using Java 11.0.18 on 今 with PID 21144 (D:\project_all\feisi_keshe\wiki\target\classes started by 123 in D:\project_all\feisi_keshe\wiki)
2023-04-26 23:54:13.597 INFO  com.frank.wiki.App                                :660  [32m                  [0;39m No active profile set, falling back to default profiles: default
2023-04-26 23:54:13.981 INFO  o.s.boot.web.embedded.tomcat.TomcatWebServer      :108  [32m                  [0;39m Tomcat initialized with port(s): 8880 (http)
2023-04-26 23:54:13.982 INFO  org.apache.coyote.http11.Http11NioProtocol        :173  [32m                  [0;39m Initializing ProtocolHandler ["http-nio-8880"]
2023-04-26 23:54:13.982 INFO  org.apache.catalina.core.StandardService          :173  [32m                  [0;39m Starting service [Tomcat]
2023-04-26 23:54:13.982 INFO  org.apache.catalina.core.StandardEngine           :173  [32m                  [0;39m Starting Servlet engine: [Apache Tomcat/9.0.39]
2023-04-26 23:54:14.027 INFO  o.a.c.core.ContainerBase.[Tomcat].[localhost].[/] :173  [32m                  [0;39m Initializing Spring embedded WebApplicationContext
2023-04-26 23:54:14.027 INFO  o.s.b.w.s.c.ServletWebServerApplicationContext    :289  [32m                  [0;39m Root WebApplicationContext: initialization completed in 427 ms
2023-04-26 23:54:14.200 INFO  o.s.scheduling.concurrent.ThreadPoolTaskExecutor  :181  [32m                  [0;39m Initializing ExecutorService 'applicationTaskExecutor'
2023-04-26 23:54:14.251 INFO  o.s.b.d.autoconfigure.OptionalLiveReloadServer    :58   [32m                  [0;39m LiveReload server is running on port 35729
2023-04-26 23:54:14.259 INFO  org.apache.coyote.http11.Http11NioProtocol        :173  [32m                  [0;39m Starting ProtocolHandler ["http-nio-8880"]
2023-04-26 23:54:14.263 INFO  o.s.boot.web.embedded.tomcat.TomcatWebServer      :220  [32m                  [0;39m Tomcat started on port(s): 8880 (http) with context path ''
2023-04-26 23:54:14.267 INFO  com.frank.wiki.App                                :61   [32m                  [0;39m Started App in 0.722 seconds (JVM running for 5239.306)
2023-04-26 23:54:14.268 INFO  o.s.b.d.a.ConditionEvaluationDeltaLoggingListener :63   [32m                  [0;39m Condition evaluation unchanged
2023-04-26 23:54:14.269 INFO  com.frank.wiki.App                                :20   [32m                  [0;39m 启动成功！
2023-04-26 23:54:14.269 INFO  com.frank.wiki.App                                :21   [32m                  [0;39m 地址: 	http://127.0.0.1:8880
2023-04-26 23:56:05.854 INFO  o.a.c.core.ContainerBase.[Tomcat].[localhost].[/] :173  [32m                  [0;39m Initializing Spring DispatcherServlet 'dispatcherServlet'
2023-04-26 23:56:05.856 INFO  org.springframework.web.servlet.DispatcherServlet :525  [32m                  [0;39m Initializing Servlet 'dispatcherServlet'
2023-04-26 23:56:05.857 INFO  org.springframework.web.servlet.DispatcherServlet :547  [32m                  [0;39m Completed initialization in 0 ms
2023-04-26 23:56:05.873 INFO  com.zaxxer.hikari.HikariDataSource                :110  [32m                  [0;39m HikariPool-2 - Starting...
2023-04-26 23:56:05.893 INFO  com.zaxxer.hikari.HikariDataSource                :123  [32m                  [0;39m HikariPool-2 - Start completed.
2023-04-26 23:58:38.452 INFO  o.s.scheduling.concurrent.ThreadPoolTaskExecutor  :218  [32m                  [0;39m Shutting down ExecutorService 'applicationTaskExecutor'
2023-04-26 23:58:38.453 INFO  com.zaxxer.hikari.HikariDataSource                :350  [32m                  [0;39m HikariPool-2 - Shutdown initiated...
2023-04-26 23:58:38.470 INFO  com.zaxxer.hikari.HikariDataSource                :352  [32m                  [0;39m HikariPool-2 - Shutdown completed.
